# JRE version: OpenJDK Runtime Environment Temurin-17.0.10+7 (17.0.10+7) (build 17.0.10+7)
# Java VM: OpenJDK 64-Bit Server VM Temurin-17.0.10+7 (17.0.10+7, mixed mode, emulated-client, tiered, compressed oops, compressed class ptrs, g1 gc, windows-amd64)
GC Precious Log:
 CPUs: 8 total, 8 available
 Memory: 16118M
 Large Page Support: Disabled
 NUMA Support: Disabled
 Compressed Oops: Enabled (32-bit)
 Heap Region Size: 1M
 Heap Min Capacity: 8M
 Heap Initial Capacity: 252M
 Heap Max Capacity: 1G
 Pre-touch: Disabled
 Parallel Workers: 8
 Concurrent Workers: 2
 Concurrent Refinement Workers: 8
 Periodic GC: Disabled
Heap:
 garbage-first heap   total 98304K, used 42477K [0x00000000c0000000, 0x0000000100000000)
  region size 1024K, 5 young (5120K), 4 survivors (4096K)
 Metaspace       used 47838K, committed 48320K, reserved 1114112K
  class space    used 5995K, committed 6208K, reserved 1048576K
GC Heap History (20 events):
Event: 2.219 GC heap before
{Heap before GC invocations=0 (full 0):
 garbage-first heap   total 258048K, used 28672K [0x00000000c0000000, 0x0000000100000000)
  region size 1024K, 23 young (23552K), 0 survivors (0K)
 Metaspace       used 8235K, committed 8384K, reserved 1114112K
  class space    used 921K, committed 1024K, reserved 1048576K
}
Event: 2.228 GC heap after
{Heap after GC invocations=1 (full 0):
 garbage-first heap   total 258048K, used 15849K [0x00000000c0000000, 0x0000000100000000)
  region size 1024K, 3 young (3072K), 3 survivors (3072K)
 Metaspace       used 8235K, committed 8384K, reserved 1114112K
  class space    used 921K, committed 1024K, reserved 1048576K
}
Event: 3.141 GC heap before
{Heap before GC invocations=1 (full 0):
 garbage-first heap   total 258048K, used 40425K [0x00000000c0000000, 0x0000000100000000)
  region size 1024K, 27 young (27648K), 3 survivors (3072K)
 Metaspace       used 14289K, committed 14464K, reserved 1114112K
  class space    used 1782K, committed 1856K, reserved 1048576K
}
Event: 3.146 GC heap after
{Heap after GC invocations=2 (full 0):
 garbage-first heap   total 258048K, used 17701K [0x00000000c0000000, 0x0000000100000000)
  region size 1024K, 2 young (2048K), 2 survivors (2048K)
 Metaspace       used 14289K, committed 14464K, reserved 1114112K
  class space    used 1782K, committed 1856K, reserved 1048576K
}
Event: 4.263 GC heap before
{Heap before GC invocations=2 (full 0):
 garbage-first heap   total 258048K, used 47397K [0x00000000c0000000, 0x0000000100000000)
  region size 1024K, 32 young (32768K), 2 survivors (2048K)
 Metaspace       used 21228K, committed 21504K, reserved 1114112K
  class space    used 2599K, committed 2752K, reserved 1048576K
}
Event: 4.268 GC heap after
{Heap after GC invocations=3 (full 0):
 garbage-first heap   total 258048K, used 20532K [0x00000000c0000000, 0x0000000100000000)
  region size 1024K, 5 young (5120K), 5 survivors (5120K)
 Metaspace       used 21228K, committed 21504K, reserved 1114112K
  class space    used 2599K, committed 2752K, reserved 1048576K
}
Event: 5.939 GC heap before
{Heap before GC invocations=4 (full 0):
 garbage-first heap   total 81920K, used 63540K [0x00000000c0000000, 0x0000000100000000)
  region size 1024K, 48 young (49152K), 5 survivors (5120K)
 Metaspace       used 28617K, committed 28864K, reserved 1114112K
  class space    used 3575K, committed 3648K, reserved 1048576K
}
Event: 5.949 GC heap after
{Heap after GC invocations=5 (full 0):
 garbage-first heap   total 81920K, used 23868K [0x00000000c0000000, 0x0000000100000000)
  region size 1024K, 6 young (6144K), 6 survivors (6144K)
 Metaspace       used 28617K, committed 28864K, reserved 1114112K
  class space    used 3575K, committed 3648K, reserved 1048576K
}
Event: 7.204 GC heap before
{Heap before GC invocations=6 (full 0):
 garbage-first heap   total 81920K, used 53564K [0x00000000c0000000, 0x0000000100000000)
  region size 1024K, 36 young (36864K), 6 survivors (6144K)
 Metaspace       used 32977K, committed 33344K, reserved 1114112K
  class space    used 4221K, committed 4416K, reserved 1048576K
}
Event: 7.217 GC heap after
{Heap after GC invocations=7 (full 0):
 garbage-first heap   total 81920K, used 27618K [0x00000000c0000000, 0x0000000100000000)
  region size 1024K, 4 young (4096K), 4 survivors (4096K)
 Metaspace       used 32977K, committed 33344K, reserved 1114112K
  class space    used 4221K, committed 4416K, reserved 1048576K
}
Event: 8.560 GC heap before
{Heap before GC invocations=7 (full 0):
 garbage-first heap   total 81920K, used 57314K [0x00000000c0000000, 0x0000000100000000)
  region size 1024K, 33 young (33792K), 4 survivors (4096K)
 Metaspace       used 38213K, committed 38656K, reserved 1114112K
  class space    used 4995K, committed 5184K, reserved 1048576K
}
Event: 8.565 GC heap after
{Heap after GC invocations=8 (full 0):
 garbage-first heap   total 81920K, used 30016K [0x00000000c0000000, 0x0000000100000000)
  region size 1024K, 3 young (3072K), 3 survivors (3072K)
 Metaspace       used 38213K, committed 38656K, reserved 1114112K
  class space    used 4995K, committed 5184K, reserved 1048576K
}
Event: 9.850 GC heap before
{Heap before GC invocations=8 (full 0):
 garbage-first heap   total 81920K, used 59712K [0x00000000c0000000, 0x0000000100000000)
  region size 1024K, 31 young (31744K), 3 survivors (3072K)
 Metaspace       used 43209K, committed 43648K, reserved 1114112K
  class space    used 5473K, committed 5696K, reserved 1048576K
}
Event: 9.857 GC heap after
{Heap after GC invocations=9 (full 0):
 garbage-first heap   total 81920K, used 32138K [0x00000000c0000000, 0x0000000100000000)
  region size 1024K, 3 young (3072K), 3 survivors (3072K)
 Metaspace       used 43209K, committed 43648K, reserved 1114112K
  class space    used 5473K, committed 5696K, reserved 1048576K
}
Event: 10.123 GC heap before
{Heap before GC invocations=9 (full 0):
 garbage-first heap   total 81920K, used 50570K [0x00000000c0000000, 0x0000000100000000)
  region size 1024K, 17 young (17408K), 3 survivors (3072K)
 Metaspace       used 44729K, committed 45248K, reserved 1114112K
  class space    used 5642K, committed 5888K, reserved 1048576K
}
Event: 10.127 GC heap after
{Heap after GC invocations=10 (full 0):
 garbage-first heap   total 81920K, used 36101K [0x00000000c0000000, 0x0000000100000000)
  region size 1024K, 3 young (3072K), 3 survivors (3072K)
 Metaspace       used 44729K, committed 45248K, reserved 1114112K
  class space    used 5642K, committed 5888K, reserved 1048576K
}
Event: 10.324 GC heap before
{Heap before GC invocations=10 (full 0):
 garbage-first heap   total 81920K, used 59653K [0x00000000c0000000, 0x0000000100000000)
  region size 1024K, 25 young (25600K), 3 survivors (3072K)
 Metaspace       used 46285K, committed 46784K, reserved 1114112K
  class space    used 5814K, committed 6016K, reserved 1048576K
}
Event: 10.329 GC heap after
{Heap after GC invocations=11 (full 0):
 garbage-first heap   total 81920K, used 36570K [0x00000000c0000000, 0x0000000100000000)
  region size 1024K, 4 young (4096K), 4 survivors (4096K)
 Metaspace       used 46285K, committed 46784K, reserved 1114112K
  class space    used 5814K, committed 6016K, reserved 1048576K
}
Event: 10.443 GC heap before
{Heap before GC invocations=11 (full 0):
 garbage-first heap   total 81920K, used 48858K [0x00000000c0000000, 0x0000000100000000)
  region size 1024K, 17 young (17408K), 4 survivors (4096K)
 Metaspace       used 47711K, committed 48128K, reserved 1114112K
  class space    used 5981K, committed 6208K, reserved 1048576K
}
Event: 10.448 GC heap after
{Heap after GC invocations=12 (full 0):
 garbage-first heap   total 98304K, used 42477K [0x00000000c0000000, 0x0000000100000000)
  region size 1024K, 4 young (4096K), 4 survivors (4096K)
 Metaspace       used 47711K, committed 48128K, reserved 1114112K
  class space    used 5981K, committed 6208K, reserved 1048576K
}

