# JRE version: OpenJDK Runtime Environment Temurin-17.0.10+7 (17.0.10+7) (build 17.0.10+7)
# Java VM: OpenJDK 64-Bit Server VM Temurin-17.0.10+7 (17.0.10+7, mixed mode, tiered, compressed oops, compressed class ptrs, parallel gc, windows-amd64)
GC Precious Log:
 CPUs: 8 total, 8 available
 Memory: 16118M
 Large Page Support: Disabled
 NUMA Support: Disabled
 Compressed Oops: Enabled (32-bit)
 Alignments: Space 512K, Generation 512K, Heap 2M
 Heap Min Capacity: 100M
 Heap Initial Capacity: 100M
 Heap Max Capacity: 1G
 Pre-touch: Disabled
 Parallel Workers: 8
Heap:
 PSYoungGen      total 13312K, used 2029K [0x00000000eab00000, 0x00000000ed300000, 0x0000000100000000)
  eden space 11264K, 0% used [0x00000000eab00000,0x00000000eab00000,0x00000000eb600000)
  from space 2048K, 99% used [0x00000000eb800000,0x00000000eb9fb720,0x00000000eba00000)
  to   space 14848K, 0% used [0x00000000ec480000,0x00000000ec480000,0x00000000ed300000)
 ParOldGen       total 130560K, used 130421K [0x00000000c0000000, 0x00000000c7f80000, 0x00000000eab00000)
  object space 130560K, 99% used [0x00000000c0000000,0x00000000c7f5d648,0x00000000c7f80000)
 Metaspace       used 83173K, committed 84800K, reserved 1179648K
  class space    used 8632K, committed 9344K, reserved 1048576K
GC Heap History (20 events):
Event: 370.185 GC heap after
{Heap after GC invocations=593 (full 27):
 PSYoungGen      total 22528K, used 9559K [0x00000000eab00000, 0x00000000ed180000, 0x0000000100000000)
  eden space 12800K, 0% used [0x00000000eab00000,0x00000000eab00000,0x00000000eb780000)
  from space 9728K, 98% used [0x00000000ec800000,0x00000000ed155db8,0x00000000ed180000)
  to   space 11776K, 0% used [0x00000000eba80000,0x00000000eba80000,0x00000000ec600000)
 ParOldGen       total 126976K, used 86056K [0x00000000c0000000, 0x00000000c7c00000, 0x00000000eab00000)
  object space 126976K, 67% used [0x00000000c0000000,0x00000000c540a178,0x00000000c7c00000)
 Metaspace       used 83047K, committed 84672K, reserved 1179648K
  class space    used 8632K, committed 9344K, reserved 1048576K
}
Event: 370.243 GC heap before
{Heap before GC invocations=594 (full 27):
 PSYoungGen      total 22528K, used 22359K [0x00000000eab00000, 0x00000000ed180000, 0x0000000100000000)
  eden space 12800K, 100% used [0x00000000eab00000,0x00000000eb780000,0x00000000eb780000)
  from space 9728K, 98% used [0x00000000ec800000,0x00000000ed155db8,0x00000000ed180000)
  to   space 11776K, 0% used [0x00000000eba80000,0x00000000eba80000,0x00000000ec600000)
 ParOldGen       total 126976K, used 109096K [0x00000000c0000000, 0x00000000c7c00000, 0x00000000eab00000)
  object space 126976K, 85% used [0x00000000c0000000,0x00000000c6a8a198,0x00000000c7c00000)
 Metaspace       used 83060K, committed 84672K, reserved 1179648K
  class space    used 8632K, committed 9344K, reserved 1048576K
}
Event: 370.246 GC heap after
{Heap after GC invocations=594 (full 27):
 PSYoungGen      total 17408K, used 3237K [0x00000000eab00000, 0x00000000ec880000, 0x0000000100000000)
  eden space 13824K, 0% used [0x00000000eab00000,0x00000000eab00000,0x00000000eb880000)
  from space 3584K, 90% used [0x00000000eba80000,0x00000000ebda94b0,0x00000000ebe00000)
  to   space 6144K, 0% used [0x00000000ec280000,0x00000000ec280000,0x00000000ec880000)
 ParOldGen       total 126976K, used 109096K [0x00000000c0000000, 0x00000000c7c00000, 0x00000000eab00000)
  object space 126976K, 85% used [0x00000000c0000000,0x00000000c6a8a198,0x00000000c7c00000)
 Metaspace       used 83060K, committed 84672K, reserved 1179648K
  class space    used 8632K, committed 9344K, reserved 1048576K
}
Event: 370.770 GC heap before
{Heap before GC invocations=595 (full 27):
 PSYoungGen      total 17408K, used 17061K [0x00000000eab00000, 0x00000000ec880000, 0x0000000100000000)
  eden space 13824K, 100% used [0x00000000eab00000,0x00000000eb880000,0x00000000eb880000)
  from space 3584K, 90% used [0x00000000eba80000,0x00000000ebda94b0,0x00000000ebe00000)
  to   space 6144K, 0% used [0x00000000ec280000,0x00000000ec280000,0x00000000ec880000)
 ParOldGen       total 126976K, used 109096K [0x00000000c0000000, 0x00000000c7c00000, 0x00000000eab00000)
  object space 126976K, 85% used [0x00000000c0000000,0x00000000c6a8a198,0x00000000c7c00000)
 Metaspace       used 83062K, committed 84672K, reserved 1179648K
  class space    used 8632K, committed 9344K, reserved 1048576K
}
Event: 370.777 GC heap after
{Heap after GC invocations=595 (full 27):
 PSYoungGen      total 17408K, used 6121K [0x00000000eab00000, 0x00000000ed180000, 0x0000000100000000)
  eden space 11264K, 0% used [0x00000000eab00000,0x00000000eab00000,0x00000000eb600000)
  from space 6144K, 99% used [0x00000000ec280000,0x00000000ec87a6c0,0x00000000ec880000)
  to   space 12800K, 0% used [0x00000000eb600000,0x00000000eb600000,0x00000000ec280000)
 ParOldGen       total 126976K, used 114064K [0x00000000c0000000, 0x00000000c7c00000, 0x00000000eab00000)
  object space 126976K, 89% used [0x00000000c0000000,0x00000000c6f64198,0x00000000c7c00000)
 Metaspace       used 83062K, committed 84672K, reserved 1179648K
  class space    used 8632K, committed 9344K, reserved 1048576K
}
Event: 371.000 GC heap before
{Heap before GC invocations=596 (full 27):
 PSYoungGen      total 17408K, used 17385K [0x00000000eab00000, 0x00000000ed180000, 0x0000000100000000)
  eden space 11264K, 100% used [0x00000000eab00000,0x00000000eb600000,0x00000000eb600000)
  from space 6144K, 99% used [0x00000000ec280000,0x00000000ec87a6c0,0x00000000ec880000)
  to   space 12800K, 0% used [0x00000000eb600000,0x00000000eb600000,0x00000000ec280000)
 ParOldGen       total 126976K, used 114064K [0x00000000c0000000, 0x00000000c7c00000, 0x00000000eab00000)
  object space 126976K, 89% used [0x00000000c0000000,0x00000000c6f64198,0x00000000c7c00000)
 Metaspace       used 83087K, committed 84672K, reserved 1179648K
  class space    used 8632K, committed 9344K, reserved 1048576K
}
Event: 371.005 GC heap after
{Heap after GC invocations=596 (full 27):
 PSYoungGen      total 17920K, used 6303K [0x00000000eab00000, 0x00000000ec600000, 0x0000000100000000)
  eden space 11264K, 0% used [0x00000000eab00000,0x00000000eab00000,0x00000000eb600000)
  from space 6656K, 94% used [0x00000000eb600000,0x00000000ebc27dd0,0x00000000ebc80000)
  to   space 8192K, 0% used [0x00000000ebe00000,0x00000000ebe00000,0x00000000ec600000)
 ParOldGen       total 126976K, used 114128K [0x00000000c0000000, 0x00000000c7c00000, 0x00000000eab00000)
  object space 126976K, 89% used [0x00000000c0000000,0x00000000c6f74198,0x00000000c7c00000)
 Metaspace       used 83087K, committed 84672K, reserved 1179648K
  class space    used 8632K, committed 9344K, reserved 1048576K
}
Event: 372.358 GC heap before
{Heap before GC invocations=597 (full 27):
 PSYoungGen      total 17920K, used 17567K [0x00000000eab00000, 0x00000000ec600000, 0x0000000100000000)
  eden space 11264K, 100% used [0x00000000eab00000,0x00000000eb600000,0x00000000eb600000)
  from space 6656K, 94% used [0x00000000eb600000,0x00000000ebc27dd0,0x00000000ebc80000)
  to   space 8192K, 0% used [0x00000000ebe00000,0x00000000ebe00000,0x00000000ec600000)
 ParOldGen       total 126976K, used 114128K [0x00000000c0000000, 0x00000000c7c00000, 0x00000000eab00000)
  object space 126976K, 89% used [0x00000000c0000000,0x00000000c6f74198,0x00000000c7c00000)
 Metaspace       used 83093K, committed 84672K, reserved 1179648K
  class space    used 8632K, committed 9344K, reserved 1048576K
}
Event: 372.362 GC heap after
{Heap after GC invocations=597 (full 27):
 PSYoungGen      total 17408K, used 5701K [0x00000000eab00000, 0x00000000ec400000, 0x0000000100000000)
  eden space 11264K, 0% used [0x00000000eab00000,0x00000000eab00000,0x00000000eb600000)
  from space 6144K, 92% used [0x00000000ebe00000,0x00000000ec3914b0,0x00000000ec400000)
  to   space 6656K, 0% used [0x00000000eb700000,0x00000000eb700000,0x00000000ebd80000)
 ParOldGen       total 126976K, used 114128K [0x00000000c0000000, 0x00000000c7c00000, 0x00000000eab00000)
  object space 126976K, 89% used [0x00000000c0000000,0x00000000c6f74198,0x00000000c7c00000)
 Metaspace       used 83093K, committed 84672K, reserved 1179648K
  class space    used 8632K, committed 9344K, reserved 1048576K
}
Event: 559.508 GC heap before
{Heap before GC invocations=598 (full 27):
 PSYoungGen      total 17408K, used 16965K [0x00000000eab00000, 0x00000000ec400000, 0x0000000100000000)
  eden space 11264K, 99% used [0x00000000eab00000,0x00000000eb5ffff8,0x00000000eb600000)
  from space 6144K, 92% used [0x00000000ebe00000,0x00000000ec3914b0,0x00000000ec400000)
  to   space 6656K, 0% used [0x00000000eb700000,0x00000000eb700000,0x00000000ebd80000)
 ParOldGen       total 126976K, used 114128K [0x00000000c0000000, 0x00000000c7c00000, 0x00000000eab00000)
  object space 126976K, 89% used [0x00000000c0000000,0x00000000c6f74198,0x00000000c7c00000)
 Metaspace       used 83100K, committed 84736K, reserved 1179648K
  class space    used 8632K, committed 9344K, reserved 1048576K
}
Event: 559.516 GC heap after
{Heap after GC invocations=598 (full 27):
 PSYoungGen      total 17408K, used 5845K [0x00000000eab00000, 0x00000000ec200000, 0x0000000100000000)
  eden space 11264K, 0% used [0x00000000eab00000,0x00000000eab00000,0x00000000eb600000)
  from space 6144K, 95% used [0x00000000eb700000,0x00000000ebcb54c0,0x00000000ebd00000)
  to   space 5120K, 0% used [0x00000000ebd00000,0x00000000ebd00000,0x00000000ec200000)
 ParOldGen       total 126976K, used 114128K [0x00000000c0000000, 0x00000000c7c00000, 0x00000000eab00000)
  object space 126976K, 89% used [0x00000000c0000000,0x00000000c6f74198,0x00000000c7c00000)
 Metaspace       used 83100K, committed 84736K, reserved 1179648K
  class space    used 8632K, committed 9344K, reserved 1048576K
}
Event: 569.551 GC heap before
{Heap before GC invocations=599 (full 27):
 PSYoungGen      total 17408K, used 17109K [0x00000000eab00000, 0x00000000ec200000, 0x0000000100000000)
  eden space 11264K, 99% used [0x00000000eab00000,0x00000000eb5ffff8,0x00000000eb600000)
  from space 6144K, 95% used [0x00000000eb700000,0x00000000ebcb54c0,0x00000000ebd00000)
  to   space 5120K, 0% used [0x00000000ebd00000,0x00000000ebd00000,0x00000000ec200000)
 ParOldGen       total 126976K, used 114128K [0x00000000c0000000, 0x00000000c7c00000, 0x00000000eab00000)
  object space 126976K, 89% used [0x00000000c0000000,0x00000000c6f74198,0x00000000c7c00000)
 Metaspace       used 83134K, committed 84736K, reserved 1179648K
  class space    used 8632K, committed 9344K, reserved 1048576K
}
Event: 569.555 GC heap after
{Heap after GC invocations=599 (full 27):
 PSYoungGen      total 16384K, used 5119K [0x00000000eab00000, 0x00000000ec300000, 0x0000000100000000)
  eden space 11264K, 0% used [0x00000000eab00000,0x00000000eab00000,0x00000000eb600000)
  from space 5120K, 99% used [0x00000000ebd00000,0x00000000ec1ffdd0,0x00000000ec200000)
  to   space 6656K, 0% used [0x00000000eb600000,0x00000000eb600000,0x00000000ebc80000)
 ParOldGen       total 126976K, used 115232K [0x00000000c0000000, 0x00000000c7c00000, 0x00000000eab00000)
  object space 126976K, 90% used [0x00000000c0000000,0x00000000c7088198,0x00000000c7c00000)
 Metaspace       used 83134K, committed 84736K, reserved 1179648K
  class space    used 8632K, committed 9344K, reserved 1048576K
}
Event: 570.022 GC heap before
{Heap before GC invocations=600 (full 27):
 PSYoungGen      total 16384K, used 16383K [0x00000000eab00000, 0x00000000ec300000, 0x0000000100000000)
  eden space 11264K, 100% used [0x00000000eab00000,0x00000000eb600000,0x00000000eb600000)
  from space 5120K, 99% used [0x00000000ebd00000,0x00000000ec1ffdd0,0x00000000ec200000)
  to   space 6656K, 0% used [0x00000000eb600000,0x00000000eb600000,0x00000000ebc80000)
 ParOldGen       total 126976K, used 115232K [0x00000000c0000000, 0x00000000c7c00000, 0x00000000eab00000)
  object space 126976K, 90% used [0x00000000c0000000,0x00000000c7088198,0x00000000c7c00000)
 Metaspace       used 83156K, committed 84800K, reserved 1179648K
  class space    used 8632K, committed 9344K, reserved 1048576K
}
Event: 570.026 GC heap after
{Heap after GC invocations=600 (full 27):
 PSYoungGen      total 12288K, used 778K [0x00000000eab00000, 0x00000000ebd80000, 0x0000000100000000)
  eden space 11264K, 0% used [0x00000000eab00000,0x00000000eab00000,0x00000000eb600000)
  from space 1024K, 76% used [0x00000000eb600000,0x00000000eb6c2950,0x00000000eb700000)
  to   space 3072K, 0% used [0x00000000eba80000,0x00000000eba80000,0x00000000ebd80000)
 ParOldGen       total 126976K, used 119797K [0x00000000c0000000, 0x00000000c7c00000, 0x00000000eab00000)
  object space 126976K, 94% used [0x00000000c0000000,0x00000000c74fd648,0x00000000c7c00000)
 Metaspace       used 83156K, committed 84800K, reserved 1179648K
  class space    used 8632K, committed 9344K, reserved 1048576K
}
Event: 570.635 GC heap before
{Heap before GC invocations=601 (full 27):
 PSYoungGen      total 12288K, used 12042K [0x00000000eab00000, 0x00000000ebd80000, 0x0000000100000000)
  eden space 11264K, 100% used [0x00000000eab00000,0x00000000eb600000,0x00000000eb600000)
  from space 1024K, 76% used [0x00000000eb600000,0x00000000eb6c2950,0x00000000eb700000)
  to   space 3072K, 0% used [0x00000000eba80000,0x00000000eba80000,0x00000000ebd80000)
 ParOldGen       total 126976K, used 119797K [0x00000000c0000000, 0x00000000c7c00000, 0x00000000eab00000)
  object space 126976K, 94% used [0x00000000c0000000,0x00000000c74fd648,0x00000000c7c00000)
 Metaspace       used 83173K, committed 84800K, reserved 1179648K
  class space    used 8632K, committed 9344K, reserved 1048576K
}
Event: 570.637 GC heap after
{Heap after GC invocations=601 (full 27):
 PSYoungGen      total 12800K, used 1501K [0x00000000eab00000, 0x00000000ebc00000, 0x0000000100000000)
  eden space 11264K, 0% used [0x00000000eab00000,0x00000000eab00000,0x00000000eb600000)
  from space 1536K, 97% used [0x00000000eba80000,0x00000000ebbf7730,0x00000000ebc00000)
  to   space 2048K, 0% used [0x00000000eb800000,0x00000000eb800000,0x00000000eba00000)
 ParOldGen       total 126976K, used 119797K [0x00000000c0000000, 0x00000000c7c00000, 0x00000000eab00000)
  object space 126976K, 94% used [0x00000000c0000000,0x00000000c74fd648,0x00000000c7c00000)
 Metaspace       used 83173K, committed 84800K, reserved 1179648K
  class space    used 8632K, committed 9344K, reserved 1048576K
}
Event: 570.667 GC heap before
{Heap before GC invocations=602 (full 27):
 PSYoungGen      total 12800K, used 12765K [0x00000000eab00000, 0x00000000ebc00000, 0x0000000100000000)
  eden space 11264K, 100% used [0x00000000eab00000,0x00000000eb600000,0x00000000eb600000)
  from space 1536K, 97% used [0x00000000eba80000,0x00000000ebbf7730,0x00000000ebc00000)
  to   space 2048K, 0% used [0x00000000eb800000,0x00000000eb800000,0x00000000eba00000)
 ParOldGen       total 126976K, used 119797K [0x00000000c0000000, 0x00000000c7c00000, 0x00000000eab00000)
  object space 126976K, 94% used [0x00000000c0000000,0x00000000c74fd648,0x00000000c7c00000)
 Metaspace       used 83173K, committed 84800K, reserved 1179648K
  class space    used 8632K, committed 9344K, reserved 1048576K
}
Event: 570.674 GC heap after
{Heap after GC invocations=602 (full 27):
 PSYoungGen      total 13312K, used 2029K [0x00000000eab00000, 0x00000000ed300000, 0x0000000100000000)
  eden space 11264K, 0% used [0x00000000eab00000,0x00000000eab00000,0x00000000eb600000)
  from space 2048K, 99% used [0x00000000eb800000,0x00000000eb9fb720,0x00000000eba00000)
  to   space 14848K, 0% used [0x00000000ec480000,0x00000000ec480000,0x00000000ed300000)
 ParOldGen       total 130560K, used 130421K [0x00000000c0000000, 0x00000000c7f80000, 0x00000000eab00000)
  object space 130560K, 99% used [0x00000000c0000000,0x00000000c7f5d648,0x00000000c7f80000)
 Metaspace       used 83173K, committed 84800K, reserved 1179648K
  class space    used 8632K, committed 9344K, reserved 1048576K
}
Event: 570.674 GC heap before
{Heap before GC invocations=603 (full 28):
 PSYoungGen      total 13312K, used 2029K [0x00000000eab00000, 0x00000000ed300000, 0x0000000100000000)
  eden space 11264K, 0% used [0x00000000eab00000,0x00000000eab00000,0x00000000eb600000)
  from space 2048K, 99% used [0x00000000eb800000,0x00000000eb9fb720,0x00000000eba00000)
  to   space 14848K, 0% used [0x00000000ec480000,0x00000000ec480000,0x00000000ed300000)
 ParOldGen       total 130560K, used 130421K [0x00000000c0000000, 0x00000000c7f80000, 0x00000000eab00000)
  object space 130560K, 99% used [0x00000000c0000000,0x00000000c7f5d648,0x00000000c7f80000)
 Metaspace       used 83173K, committed 84800K, reserved 1179648K
  class space    used 8632K, committed 9344K, reserved 1048576K
}

